<?xml version="1.0" encoding="UTF-8"?>
<!-- Generated by org.testng.reporters.JUnitXMLReporter -->
<testsuite ignored="0" hostname="LAPTOP-BKU657FU" failures="0" tests="12" name="Test" time="34.268" errors="0" timestamp="2024-09-28T23:51:56 IST">
  <testcase classname="api.test.UserTestsDataDriven" name="postUser" time="3.409"/>
  <testcase classname="api.test.UserTestsDataDriven" name="postUser" time="2.611"/>
  <testcase classname="api.test.UserTestsDataDriven" name="postUser" time="2.149"/>
  <testcase classname="api.test.UserTestsDataDriven" name="getUser" time="1.893"/>
  <testcase classname="api.test.UserTestsDataDriven" name="getUser" time="2.514"/>
  <testcase classname="api.test.UserTestsDataDriven" name="getUser" time="1.4"/>
  <testcase classname="api.test.UserTestsDataDriven" name="updateUser" time="4.302"/>
  <testcase classname="api.test.UserTestsDataDriven" name="updateUser" time="3.326"/>
  <testcase classname="api.test.UserTestsDataDriven" name="updateUser" time="5.295"/>
  <testcase classname="api.test.UserTestsDataDriven" name="deleteUser" time="1.374"/>
  <testcase classname="api.test.UserTestsDataDriven" name="deleteUser" time="2.109"/>
  <testcase classname="api.test.UserTestsDataDriven" name="deleteUser" time="1.703"/>
</testsuite> <!-- Test -->
