<?xml version="1.0" encoding="UTF-8"?>
<testng-results ignored="0" total="12" passed="12" failed="0" skipped="0">
  <reporter-output>
  </reporter-output>
  <suite started-at="2024-09-28T23:51:22 IST" name="Suite" finished-at="2024-09-28T23:51:56 IST" duration-ms="34268">
    <groups>
    </groups>
    <test started-at="2024-09-28T23:51:22 IST" name="Test" finished-at="2024-09-28T23:51:56 IST" duration-ms="34268">
      <class name="api.test.UserTestsDataDriven">
        <test-method signature="postUser(java.lang.String,java.lang.String,java.lang.String,java.lang.String,java.lang.String,java.lang.String,java.lang.String)[pri:1, instance:api.test.UserTestsDataDriven@29626d54]" started-at="2024-09-28T23:51:23 IST" name="postUser" data-provider="Data" finished-at="2024-09-28T23:51:27 IST" duration-ms="3409" status="PASS">
          <params>
            <param index="0">
              <value>
                <![CDATA[1001]]>
              </value>
            </param>
            <param index="1">
              <value>
                <![CDATA[user_1]]>
              </value>
            </param>
            <param index="2">
              <value>
                <![CDATA[Bobby]]>
              </value>
            </param>
            <param index="3">
              <value>
                <![CDATA[Sharma]]>
              </value>
            </param>
            <param index="4">
              <value>
                <![CDATA[a@gmail.com]]>
              </value>
            </param>
            <param index="5">
              <value>
                <![CDATA[pass1]]>
              </value>
            </param>
            <param index="6">
              <value>
                <![CDATA[123456789]]>
              </value>
            </param>
          </params>
          <reporter-output>
          </reporter-output>
        </test-method> <!-- postUser -->
        <test-method signature="postUser(java.lang.String,java.lang.String,java.lang.String,java.lang.String,java.lang.String,java.lang.String,java.lang.String)[pri:1, instance:api.test.UserTestsDataDriven@29626d54]" started-at="2024-09-28T23:51:27 IST" name="postUser" data-provider="Data" finished-at="2024-09-28T23:51:29 IST" duration-ms="2611" status="PASS">
          <params>
            <param index="0">
              <value>
                <![CDATA[1002]]>
              </value>
            </param>
            <param index="1">
              <value>
                <![CDATA[user_2]]>
              </value>
            </param>
            <param index="2">
              <value>
                <![CDATA[Akash]]>
              </value>
            </param>
            <param index="3">
              <value>
                <![CDATA[Gupta]]>
              </value>
            </param>
            <param index="4">
              <value>
                <![CDATA[b@gmail.com]]>
              </value>
            </param>
            <param index="5">
              <value>
                <![CDATA[pass2]]>
              </value>
            </param>
            <param index="6">
              <value>
                <![CDATA[123456789]]>
              </value>
            </param>
          </params>
          <reporter-output>
          </reporter-output>
        </test-method> <!-- postUser -->
        <test-method signature="postUser(java.lang.String,java.lang.String,java.lang.String,java.lang.String,java.lang.String,java.lang.String,java.lang.String)[pri:1, instance:api.test.UserTestsDataDriven@29626d54]" started-at="2024-09-28T23:51:29 IST" name="postUser" data-provider="Data" finished-at="2024-09-28T23:51:31 IST" duration-ms="2149" status="PASS">
          <params>
            <param index="0">
              <value>
                <![CDATA[1003]]>
              </value>
            </param>
            <param index="1">
              <value>
                <![CDATA[user_3]]>
              </value>
            </param>
            <param index="2">
              <value>
                <![CDATA[Honey]]>
              </value>
            </param>
            <param index="3">
              <value>
                <![CDATA[Agarwal]]>
              </value>
            </param>
            <param index="4">
              <value>
                <![CDATA[c@gmail.com]]>
              </value>
            </param>
            <param index="5">
              <value>
                <![CDATA[pass3]]>
              </value>
            </param>
            <param index="6">
              <value>
                <![CDATA[123456789]]>
              </value>
            </param>
          </params>
          <reporter-output>
          </reporter-output>
        </test-method> <!-- postUser -->
        <test-method signature="getUser(java.lang.String)[pri:2, instance:api.test.UserTestsDataDriven@29626d54]" started-at="2024-09-28T23:51:32 IST" name="getUser" data-provider="Usernames" finished-at="2024-09-28T23:51:33 IST" duration-ms="1893" status="PASS">
          <params>
            <param index="0">
              <value>
                <![CDATA[user_1]]>
              </value>
            </param>
          </params>
          <reporter-output>
          </reporter-output>
        </test-method> <!-- getUser -->
        <test-method signature="getUser(java.lang.String)[pri:2, instance:api.test.UserTestsDataDriven@29626d54]" started-at="2024-09-28T23:51:33 IST" name="getUser" data-provider="Usernames" finished-at="2024-09-28T23:51:36 IST" duration-ms="2514" status="PASS">
          <params>
            <param index="0">
              <value>
                <![CDATA[user_2]]>
              </value>
            </param>
          </params>
          <reporter-output>
          </reporter-output>
        </test-method> <!-- getUser -->
        <test-method signature="getUser(java.lang.String)[pri:2, instance:api.test.UserTestsDataDriven@29626d54]" started-at="2024-09-28T23:51:36 IST" name="getUser" data-provider="Usernames" finished-at="2024-09-28T23:51:37 IST" duration-ms="1400" status="PASS">
          <params>
            <param index="0">
              <value>
                <![CDATA[user_3]]>
              </value>
            </param>
          </params>
          <reporter-output>
          </reporter-output>
        </test-method> <!-- getUser -->
        <test-method signature="updateUser(java.lang.String,java.lang.String,java.lang.String,java.lang.String,java.lang.String,java.lang.String,java.lang.String)[pri:3, instance:api.test.UserTestsDataDriven@29626d54]" started-at="2024-09-28T23:51:38 IST" name="updateUser" data-provider="updatedData" finished-at="2024-09-28T23:51:42 IST" duration-ms="4302" status="PASS">
          <params>
            <param index="0">
              <value>
                <![CDATA[1001]]>
              </value>
            </param>
            <param index="1">
              <value>
                <![CDATA[user_1]]>
              </value>
            </param>
            <param index="2">
              <value>
                <![CDATA[BobbyUpdated]]>
              </value>
            </param>
            <param index="3">
              <value>
                <![CDATA[Sharma]]>
              </value>
            </param>
            <param index="4">
              <value>
                <![CDATA[updated_a@gmail.com]]>
              </value>
            </param>
            <param index="5">
              <value>
                <![CDATA[pass1]]>
              </value>
            </param>
            <param index="6">
              <value>
                <![CDATA[123456789]]>
              </value>
            </param>
          </params>
          <reporter-output>
          </reporter-output>
        </test-method> <!-- updateUser -->
        <test-method signature="updateUser(java.lang.String,java.lang.String,java.lang.String,java.lang.String,java.lang.String,java.lang.String,java.lang.String)[pri:3, instance:api.test.UserTestsDataDriven@29626d54]" started-at="2024-09-28T23:51:42 IST" name="updateUser" data-provider="updatedData" finished-at="2024-09-28T23:51:45 IST" duration-ms="3326" status="PASS">
          <params>
            <param index="0">
              <value>
                <![CDATA[1002]]>
              </value>
            </param>
            <param index="1">
              <value>
                <![CDATA[user_2]]>
              </value>
            </param>
            <param index="2">
              <value>
                <![CDATA[AkashUpdated]]>
              </value>
            </param>
            <param index="3">
              <value>
                <![CDATA[Gupta]]>
              </value>
            </param>
            <param index="4">
              <value>
                <![CDATA[updated_b@gmail.com]]>
              </value>
            </param>
            <param index="5">
              <value>
                <![CDATA[pass2]]>
              </value>
            </param>
            <param index="6">
              <value>
                <![CDATA[123456789]]>
              </value>
            </param>
          </params>
          <reporter-output>
          </reporter-output>
        </test-method> <!-- updateUser -->
        <test-method signature="updateUser(java.lang.String,java.lang.String,java.lang.String,java.lang.String,java.lang.String,java.lang.String,java.lang.String)[pri:3, instance:api.test.UserTestsDataDriven@29626d54]" started-at="2024-09-28T23:51:45 IST" name="updateUser" data-provider="updatedData" finished-at="2024-09-28T23:51:51 IST" duration-ms="5295" status="PASS">
          <params>
            <param index="0">
              <value>
                <![CDATA[1003]]>
              </value>
            </param>
            <param index="1">
              <value>
                <![CDATA[user_3]]>
              </value>
            </param>
            <param index="2">
              <value>
                <![CDATA[HoneyUpdated]]>
              </value>
            </param>
            <param index="3">
              <value>
                <![CDATA[Agarwal]]>
              </value>
            </param>
            <param index="4">
              <value>
                <![CDATA[updated_c@gmail.com]]>
              </value>
            </param>
            <param index="5">
              <value>
                <![CDATA[pass3]]>
              </value>
            </param>
            <param index="6">
              <value>
                <![CDATA[123456789]]>
              </value>
            </param>
          </params>
          <reporter-output>
          </reporter-output>
        </test-method> <!-- updateUser -->
        <test-method signature="deleteUser(java.lang.String)[pri:4, instance:api.test.UserTestsDataDriven@29626d54]" started-at="2024-09-28T23:51:51 IST" name="deleteUser" data-provider="Usernames" finished-at="2024-09-28T23:51:52 IST" duration-ms="1374" status="PASS">
          <params>
            <param index="0">
              <value>
                <![CDATA[user_1]]>
              </value>
            </param>
          </params>
          <reporter-output>
          </reporter-output>
        </test-method> <!-- deleteUser -->
        <test-method signature="deleteUser(java.lang.String)[pri:4, instance:api.test.UserTestsDataDriven@29626d54]" started-at="2024-09-28T23:51:52 IST" name="deleteUser" data-provider="Usernames" finished-at="2024-09-28T23:51:54 IST" duration-ms="2109" status="PASS">
          <params>
            <param index="0">
              <value>
                <![CDATA[user_2]]>
              </value>
            </param>
          </params>
          <reporter-output>
          </reporter-output>
        </test-method> <!-- deleteUser -->
        <test-method signature="deleteUser(java.lang.String)[pri:4, instance:api.test.UserTestsDataDriven@29626d54]" started-at="2024-09-28T23:51:54 IST" name="deleteUser" data-provider="Usernames" finished-at="2024-09-28T23:51:56 IST" duration-ms="1703" status="PASS">
          <params>
            <param index="0">
              <value>
                <![CDATA[user_3]]>
              </value>
            </param>
          </params>
          <reporter-output>
          </reporter-output>
        </test-method> <!-- deleteUser -->
      </class> <!-- api.test.UserTestsDataDriven -->
    </test> <!-- Test -->
  </suite> <!-- Suite -->
</testng-results>
